<?xml version="1.0" encoding="UTF-8"?>
<!-- Generated by org.testng.reporters.JUnitReportReporter -->
<testsuite hostname="LAPTOP-JT117KFS" name="com.inetbanking.testCases.LoginTest_01" tests="1" failures="0" timestamp="15 Mar 2020 06:17:36 GMT" time="2.703" errors="0">
  <testcase name="loginTest" time="2.703" classname="com.inetbanking.testCases.LoginTest_01"/>
</testsuite> <!-- com.inetbanking.testCases.LoginTest_01 -->
