<?xml version="1.0" encoding="UTF-8"?>
<!-- Generated by org.testng.reporters.JUnitReportReporter -->
<testsuite hostname="LAPTOP-JT117KFS" name="com.inetbanking.testCases.AddCutomerTest_03" tests="1" failures="0" timestamp="22 Mar 2020 07:47:28 GMT" time="17.720" errors="0">
  <testcase name="addNewCustomer" time="17.720" classname="com.inetbanking.testCases.AddCutomerTest_03"/>
</testsuite> <!-- com.inetbanking.testCases.AddCutomerTest_03 -->
